[2022-01-10T17:19:57+00:00][info] post
[2022-01-10T17:19:57+00:00][info] {"jsonrpc":"2.0","method":"admin.activity"}
[2022-01-10T17:19:57+00:00][info] 6
[2022-01-10T17:19:57+00:00][info] [{"id":1,"url":"link5","date":"2022-01-10 17:03:34.466008"},{"id":2,"url":"link5","date":"2022-01-10 17:03:36.429609"},{"id":3,"url":"link5","date":"2022-01-10 17:04:13.834634"},{"id":4,"url":"link4","date":"2022-01-10 17:06:02.122466"},{"id":5,"url":"link3","date":"2022-01-10 17:06:03.566525"},{"id":6,"url":"link2","date":"2022-01-10 17:06:04.754213"}]
[2022-01-10T17:21:40+00:00][info] post
[2022-01-10T17:21:40+00:00][info] {"jsonrpc":"2.0","method":"admin.activity"}
[2022-01-10T17:21:40+00:00][info] 6
[2022-01-10T17:21:40+00:00][info] [{"id":1,"url":"link5","date":"2022-01-10 17:03:34.466008"},{"id":2,"url":"link5","date":"2022-01-10 17:03:36.429609"},{"id":3,"url":"link5","date":"2022-01-10 17:04:13.834634"},{"id":4,"url":"link4","date":"2022-01-10 17:06:02.122466"},{"id":5,"url":"link3","date":"2022-01-10 17:06:03.566525"},{"id":6,"url":"link2","date":"2022-01-10 17:06:04.754213"}]
[2022-01-10T17:21:40+00:00][info] 1
[2022-01-10T17:26:07+00:00][info] post
[2022-01-10T17:26:07+00:00][info] {"jsonrpc":"2.0","method":"admin.activity"}
[2022-01-10T17:26:07+00:00][info] 6
[2022-01-10T17:26:07+00:00][info] [{"id":1,"url":"link5","date":"2022-01-10 17:03:34.466008"},{"id":2,"url":"link5","date":"2022-01-10 17:03:36.429609"},{"id":3,"url":"link5","date":"2022-01-10 17:04:13.834634"},{"id":4,"url":"link4","date":"2022-01-10 17:06:02.122466"},{"id":5,"url":"link3","date":"2022-01-10 17:06:03.566525"},{"id":6,"url":"link2","date":"2022-01-10 17:06:04.754213"}]
[2022-01-10T17:26:07+00:00][info] 1
[2022-01-10T17:30:41+00:00][info] post
[2022-01-10T17:30:41+00:00][info] {"jsonrpc":"2.0","method":"admin.activity","params":[]}
[2022-01-10T17:30:41+00:00][info] 6
[2022-01-10T17:30:41+00:00][info] [{"id":1,"url":"link5","date":"2022-01-10 17:03:34.466008"},{"id":2,"url":"link5","date":"2022-01-10 17:03:36.429609"},{"id":3,"url":"link5","date":"2022-01-10 17:04:13.834634"},{"id":4,"url":"link4","date":"2022-01-10 17:06:02.122466"},{"id":5,"url":"link3","date":"2022-01-10 17:06:03.566525"},{"id":6,"url":"link2","date":"2022-01-10 17:06:04.754213"}]
[2022-01-10T17:30:41+00:00][info] 1
[2022-01-10T17:31:37+00:00][info] post
[2022-01-10T17:31:37+00:00][info] {"jsonrpc":"2.0","method":"admin.activity","params":[]}
[2022-01-10T17:31:38+00:00][info] 6
[2022-01-10T17:31:38+00:00][info] [{"id":1,"url":"link5","date":"2022-01-10 17:03:34.466008"},{"id":2,"url":"link5","date":"2022-01-10 17:03:36.429609"},{"id":3,"url":"link5","date":"2022-01-10 17:04:13.834634"},{"id":4,"url":"link4","date":"2022-01-10 17:06:02.122466"},{"id":5,"url":"link3","date":"2022-01-10 17:06:03.566525"},{"id":6,"url":"link2","date":"2022-01-10 17:06:04.754213"}]
[2022-01-10T17:31:38+00:00][info] 1
[2022-01-10T17:31:41+00:00][info] post
[2022-01-10T17:31:41+00:00][info] {"jsonrpc":"2.0","method":"url.followLinks","params":{"url":"link3"}}
[2022-01-10T17:31:41+00:00][info] link3
[2022-01-10T17:31:41+00:00][info] 1
[2022-01-10T17:31:42+00:00][info] post
[2022-01-10T17:31:42+00:00][info] {"jsonrpc":"2.0","method":"url.followLinks","params":{"url":"link4"}}
[2022-01-10T17:31:42+00:00][info] link4
[2022-01-10T17:31:42+00:00][info] 1
[2022-01-10T17:31:51+00:00][info] post
[2022-01-10T17:31:51+00:00][info] {"jsonrpc":"2.0","method":"admin.activity","params":[]}
[2022-01-10T17:31:51+00:00][info] 8
[2022-01-10T17:31:51+00:00][info] [{"id":1,"url":"link5","date":"2022-01-10 17:03:34.466008"},{"id":2,"url":"link5","date":"2022-01-10 17:03:36.429609"},{"id":3,"url":"link5","date":"2022-01-10 17:04:13.834634"},{"id":4,"url":"link4","date":"2022-01-10 17:06:02.122466"},{"id":5,"url":"link3","date":"2022-01-10 17:06:03.566525"},{"id":6,"url":"link2","date":"2022-01-10 17:06:04.754213"},{"id":7,"url":"link3","date":"2022-01-10 17:31:41.513164"},{"id":8,"url":"link4","date":"2022-01-10 17:31:42.718337"}]
[2022-01-10T17:31:51+00:00][info] 1
[2022-01-10T17:32:02+00:00][info] post
[2022-01-10T17:32:02+00:00][info] {"jsonrpc":"2.0","method":"admin.activity","params":[]}
[2022-01-10T17:32:02+00:00][info] 8
[2022-01-10T17:32:02+00:00][info] [{"id":1,"url":"link5","date":"2022-01-10 17:03:34.466008"},{"id":2,"url":"link5","date":"2022-01-10 17:03:36.429609"},{"id":3,"url":"link5","date":"2022-01-10 17:04:13.834634"},{"id":4,"url":"link4","date":"2022-01-10 17:06:02.122466"},{"id":5,"url":"link3","date":"2022-01-10 17:06:03.566525"},{"id":6,"url":"link2","date":"2022-01-10 17:06:04.754213"},{"id":7,"url":"link3","date":"2022-01-10 17:31:41.513164"},{"id":8,"url":"link4","date":"2022-01-10 17:31:42.718337"}]
[2022-01-10T17:32:02+00:00][info] 1
[2022-01-10T17:35:21+00:00][info] post
[2022-01-10T17:35:21+00:00][info] {"jsonrpc":"2.0","method":"admin.activity","params":[]}
[2022-01-10T17:35:21+00:00][info] 8
[2022-01-10T17:35:21+00:00][info] [{"id":1,"url":"link5","date":"2022-01-10 17:03:34.466008"},{"id":2,"url":"link5","date":"2022-01-10 17:03:36.429609"},{"id":3,"url":"link5","date":"2022-01-10 17:04:13.834634"},{"id":4,"url":"link4","date":"2022-01-10 17:06:02.122466"},{"id":5,"url":"link3","date":"2022-01-10 17:06:03.566525"},{"id":6,"url":"link2","date":"2022-01-10 17:06:04.754213"},{"id":7,"url":"link3","date":"2022-01-10 17:31:41.513164"},{"id":8,"url":"link4","date":"2022-01-10 17:31:42.718337"}]
[2022-01-10T17:35:21+00:00][info] 1
[2022-01-10T17:40:44+00:00][info] post
[2022-01-10T17:40:44+00:00][info] {"jsonrpc":"2.0","method":"admin.activity","params":[]}
[2022-01-10T17:40:44+00:00][info] 8
[2022-01-10T17:40:44+00:00][info] [{"id":1,"url":"link5","date":"2022-01-10 17:03:34.466008"},{"id":2,"url":"link5","date":"2022-01-10 17:03:36.429609"},{"id":3,"url":"link5","date":"2022-01-10 17:04:13.834634"},{"id":4,"url":"link4","date":"2022-01-10 17:06:02.122466"},{"id":5,"url":"link3","date":"2022-01-10 17:06:03.566525"},{"id":6,"url":"link2","date":"2022-01-10 17:06:04.754213"},{"id":7,"url":"link3","date":"2022-01-10 17:31:41.513164"},{"id":8,"url":"link4","date":"2022-01-10 17:31:42.718337"}]
[2022-01-10T17:40:44+00:00][info] 1
[2022-01-10T18:01:34+00:00][info] post
[2022-01-10T18:01:34+00:00][info] {"jsonrpc":"2.0","method":"admin.activity","params":[]}
[2022-01-10T18:01:34+00:00][info] 8
[2022-01-10T18:01:34+00:00][info] [{"id":1,"url":"link5","date":"2022-01-10 17:03:34.466008"},{"id":2,"url":"link5","date":"2022-01-10 17:03:36.429609"},{"id":3,"url":"link5","date":"2022-01-10 17:04:13.834634"},{"id":4,"url":"link4","date":"2022-01-10 17:06:02.122466"},{"id":5,"url":"link3","date":"2022-01-10 17:06:03.566525"},{"id":6,"url":"link2","date":"2022-01-10 17:06:04.754213"},{"id":7,"url":"link3","date":"2022-01-10 17:31:41.513164"},{"id":8,"url":"link4","date":"2022-01-10 17:31:42.718337"}]
[2022-01-10T18:01:34+00:00][info] 1
[2022-01-10T18:01:41+00:00][info] post
[2022-01-10T18:01:41+00:00][info] {"jsonrpc":"2.0","method":"admin.activity","params":[]}
[2022-01-10T18:01:41+00:00][info] 8
[2022-01-10T18:01:41+00:00][info] [{"id":1,"url":"link5","date":"2022-01-10 17:03:34.466008"},{"id":2,"url":"link5","date":"2022-01-10 17:03:36.429609"},{"id":3,"url":"link5","date":"2022-01-10 17:04:13.834634"},{"id":4,"url":"link4","date":"2022-01-10 17:06:02.122466"},{"id":5,"url":"link3","date":"2022-01-10 17:06:03.566525"},{"id":6,"url":"link2","date":"2022-01-10 17:06:04.754213"},{"id":7,"url":"link3","date":"2022-01-10 17:31:41.513164"},{"id":8,"url":"link4","date":"2022-01-10 17:31:42.718337"}]
[2022-01-10T18:01:41+00:00][info] 1
[2022-01-10T18:13:24+00:00][info] post
[2022-01-10T18:13:24+00:00][info] {"jsonrpc":"2.0","method":"admin.activity","params":[]}
[2022-01-10T18:13:24+00:00][info] 8
[2022-01-10T18:13:24+00:00][info] [{"id":1,"url":"link5","date":"2022-01-10 17:03:34.466008"},{"id":2,"url":"link5","date":"2022-01-10 17:03:36.429609"},{"id":3,"url":"link5","date":"2022-01-10 17:04:13.834634"},{"id":4,"url":"link4","date":"2022-01-10 17:06:02.122466"},{"id":5,"url":"link3","date":"2022-01-10 17:06:03.566525"},{"id":6,"url":"link2","date":"2022-01-10 17:06:04.754213"},{"id":7,"url":"link3","date":"2022-01-10 17:31:41.513164"},{"id":8,"url":"link4","date":"2022-01-10 17:31:42.718337"}]
[2022-01-10T18:13:24+00:00][info] Array
[2022-01-10T18:14:37+00:00][info] post
[2022-01-10T18:14:37+00:00][info] {"jsonrpc":"2.0","method":"admin.activity","params":[]}
[2022-01-10T18:14:38+00:00][info] 8
[2022-01-10T18:14:38+00:00][info] [{"id":1,"url":"link5","date":"2022-01-10 17:03:34.466008"},{"id":2,"url":"link5","date":"2022-01-10 17:03:36.429609"},{"id":3,"url":"link5","date":"2022-01-10 17:04:13.834634"},{"id":4,"url":"link4","date":"2022-01-10 17:06:02.122466"},{"id":5,"url":"link3","date":"2022-01-10 17:06:03.566525"},{"id":6,"url":"link2","date":"2022-01-10 17:06:04.754213"},{"id":7,"url":"link3","date":"2022-01-10 17:31:41.513164"},{"id":8,"url":"link4","date":"2022-01-10 17:31:42.718337"}]
[2022-01-10T18:14:38+00:00][info] 1
[2022-01-10T18:17:20+00:00][info] post
[2022-01-10T18:17:20+00:00][info] {"jsonrpc":"2.0","method":"admin.activity","params":[]}
[2022-01-10T18:17:20+00:00][info] 8
[2022-01-10T18:17:20+00:00][info] [{"id":1,"url":"link5","date":"2022-01-10 17:03:34.466008"},{"id":2,"url":"link5","date":"2022-01-10 17:03:36.429609"},{"id":3,"url":"link5","date":"2022-01-10 17:04:13.834634"},{"id":4,"url":"link4","date":"2022-01-10 17:06:02.122466"},{"id":5,"url":"link3","date":"2022-01-10 17:06:03.566525"},{"id":6,"url":"link2","date":"2022-01-10 17:06:04.754213"},{"id":7,"url":"link3","date":"2022-01-10 17:31:41.513164"},{"id":8,"url":"link4","date":"2022-01-10 17:31:42.718337"}]
[2022-01-10T18:17:20+00:00][info] {"0":{"id":1,"url":"link5","date":"2022-01-10 17:03:34.466008"},"1":{"id":2,"url":"link5","date":"2022-01-10 17:03:36.429609"},"2":{"id":3,"url":"link5","date":"2022-01-10 17:04:13.834634"},"3":{"id":4,"url":"link4","date":"2022-01-10 17:06:02.122466"},"4":{"id":5,"url":"link3","date":"2022-01-10 17:06:03.566525"},"5":{"id":6,"url":"link2","date":"2022-01-10 17:06:04.754213"},"6":{"id":7,"url":"link3","date":"2022-01-10 17:31:41.513164"},"7":{"id":8,"url":"link4","date":"2022-01-10 17:31:42.718337"}}
[2022-01-10T18:18:07+00:00][info] post
[2022-01-10T18:18:07+00:00][info] {"jsonrpc":"2.0","method":"admin.activity","params":[]}
[2022-01-10T18:18:07+00:00][info] 8
[2022-01-10T18:18:07+00:00][info] [{"id":1,"url":"link5","date":"2022-01-10 17:03:34.466008"},{"id":2,"url":"link5","date":"2022-01-10 17:03:36.429609"},{"id":3,"url":"link5","date":"2022-01-10 17:04:13.834634"},{"id":4,"url":"link4","date":"2022-01-10 17:06:02.122466"},{"id":5,"url":"link3","date":"2022-01-10 17:06:03.566525"},{"id":6,"url":"link2","date":"2022-01-10 17:06:04.754213"},{"id":7,"url":"link3","date":"2022-01-10 17:31:41.513164"},{"id":8,"url":"link4","date":"2022-01-10 17:31:42.718337"}]
[2022-01-10T18:18:07+00:00][info] {"0":{"id":1,"url":"link5","date":"2022-01-10 17:03:34.466008"},"1":{"id":2,"url":"link5","date":"2022-01-10 17:03:36.429609"},"2":{"id":3,"url":"link5","date":"2022-01-10 17:04:13.834634"},"3":{"id":4,"url":"link4","date":"2022-01-10 17:06:02.122466"},"4":{"id":5,"url":"link3","date":"2022-01-10 17:06:03.566525"},"5":{"id":6,"url":"link2","date":"2022-01-10 17:06:04.754213"},"6":{"id":7,"url":"link3","date":"2022-01-10 17:31:41.513164"},"7":{"id":8,"url":"link4","date":"2022-01-10 17:31:42.718337"}}
[2022-01-10T18:20:10+00:00][info] post
[2022-01-10T18:20:10+00:00][info] {"jsonrpc":"2.0","method":"admin.activity","params":[]}
[2022-01-10T18:20:10+00:00][info] 8
[2022-01-10T18:20:10+00:00][info] [{"id":1,"url":"link5","date":"2022-01-10 17:03:34.466008"},{"id":2,"url":"link5","date":"2022-01-10 17:03:36.429609"},{"id":3,"url":"link5","date":"2022-01-10 17:04:13.834634"},{"id":4,"url":"link4","date":"2022-01-10 17:06:02.122466"},{"id":5,"url":"link3","date":"2022-01-10 17:06:03.566525"},{"id":6,"url":"link2","date":"2022-01-10 17:06:04.754213"},{"id":7,"url":"link3","date":"2022-01-10 17:31:41.513164"},{"id":8,"url":"link4","date":"2022-01-10 17:31:42.718337"}]
[2022-01-10T18:20:10+00:00][info] {"0":{"id":1,"url":"link5","date":"2022-01-10 17:03:34.466008"},"1":{"id":2,"url":"link5","date":"2022-01-10 17:03:36.429609"},"2":{"id":3,"url":"link5","date":"2022-01-10 17:04:13.834634"},"3":{"id":4,"url":"link4","date":"2022-01-10 17:06:02.122466"},"4":{"id":5,"url":"link3","date":"2022-01-10 17:06:03.566525"},"5":{"id":6,"url":"link2","date":"2022-01-10 17:06:04.754213"},"6":{"id":7,"url":"link3","date":"2022-01-10 17:31:41.513164"},"7":{"id":8,"url":"link4","date":"2022-01-10 17:31:42.718337"}}
[2022-01-10T18:20:31+00:00][info] post
[2022-01-10T18:20:31+00:00][info] {"jsonrpc":"2.0","method":"admin.activity","params":[]}
[2022-01-10T18:20:31+00:00][info] 8
[2022-01-10T18:20:31+00:00][info] [{"id":1,"url":"link5","date":"2022-01-10 17:03:34.466008"},{"id":2,"url":"link5","date":"2022-01-10 17:03:36.429609"},{"id":3,"url":"link5","date":"2022-01-10 17:04:13.834634"},{"id":4,"url":"link4","date":"2022-01-10 17:06:02.122466"},{"id":5,"url":"link3","date":"2022-01-10 17:06:03.566525"},{"id":6,"url":"link2","date":"2022-01-10 17:06:04.754213"},{"id":7,"url":"link3","date":"2022-01-10 17:31:41.513164"},{"id":8,"url":"link4","date":"2022-01-10 17:31:42.718337"}]
[2022-01-10T18:20:31+00:00][info] [{"id":1,"url":"link5","date":"2022-01-10 17:03:34.466008"},{"id":2,"url":"link5","date":"2022-01-10 17:03:36.429609"},{"id":3,"url":"link5","date":"2022-01-10 17:04:13.834634"},{"id":4,"url":"link4","date":"2022-01-10 17:06:02.122466"},{"id":5,"url":"link3","date":"2022-01-10 17:06:03.566525"},{"id":6,"url":"link2","date":"2022-01-10 17:06:04.754213"},{"id":7,"url":"link3","date":"2022-01-10 17:31:41.513164"},{"id":8,"url":"link4","date":"2022-01-10 17:31:42.718337"}]
[2022-01-10T18:21:18+00:00][info] post
[2022-01-10T18:21:18+00:00][info] {"jsonrpc":"2.0","method":"admin.activity","params":[]}
[2022-01-10T18:21:18+00:00][info] 8
[2022-01-10T18:21:18+00:00][info] [{"id":1,"url":"link5","date":"2022-01-10 17:03:34.466008"},{"id":2,"url":"link5","date":"2022-01-10 17:03:36.429609"},{"id":3,"url":"link5","date":"2022-01-10 17:04:13.834634"},{"id":4,"url":"link4","date":"2022-01-10 17:06:02.122466"},{"id":5,"url":"link3","date":"2022-01-10 17:06:03.566525"},{"id":6,"url":"link2","date":"2022-01-10 17:06:04.754213"},{"id":7,"url":"link3","date":"2022-01-10 17:31:41.513164"},{"id":8,"url":"link4","date":"2022-01-10 17:31:42.718337"}]
[2022-01-10T18:21:18+00:00][info] [{"id":1,"url":"link5","date":"2022-01-10 17:03:34.466008"},{"id":2,"url":"link5","date":"2022-01-10 17:03:36.429609"},{"id":3,"url":"link5","date":"2022-01-10 17:04:13.834634"},{"id":4,"url":"link4","date":"2022-01-10 17:06:02.122466"},{"id":5,"url":"link3","date":"2022-01-10 17:06:03.566525"},{"id":6,"url":"link2","date":"2022-01-10 17:06:04.754213"},{"id":7,"url":"link3","date":"2022-01-10 17:31:41.513164"},{"id":8,"url":"link4","date":"2022-01-10 17:31:42.718337"}]
[2022-01-10T18:21:57+00:00][info] post
[2022-01-10T18:21:57+00:00][info] {"jsonrpc":"2.0","method":"admin.activity","params":[]}
[2022-01-10T18:21:57+00:00][info] 8
[2022-01-10T18:21:57+00:00][info] [{"id":1,"url":"link5","date":"2022-01-10 17:03:34.466008"},{"id":2,"url":"link5","date":"2022-01-10 17:03:36.429609"},{"id":3,"url":"link5","date":"2022-01-10 17:04:13.834634"},{"id":4,"url":"link4","date":"2022-01-10 17:06:02.122466"},{"id":5,"url":"link3","date":"2022-01-10 17:06:03.566525"},{"id":6,"url":"link2","date":"2022-01-10 17:06:04.754213"},{"id":7,"url":"link3","date":"2022-01-10 17:31:41.513164"},{"id":8,"url":"link4","date":"2022-01-10 17:31:42.718337"}]
[2022-01-10T18:21:57+00:00][info] [{"id":1,"url":"link5","date":"2022-01-10 17:03:34.466008"},{"id":2,"url":"link5","date":"2022-01-10 17:03:36.429609"},{"id":3,"url":"link5","date":"2022-01-10 17:04:13.834634"},{"id":4,"url":"link4","date":"2022-01-10 17:06:02.122466"},{"id":5,"url":"link3","date":"2022-01-10 17:06:03.566525"},{"id":6,"url":"link2","date":"2022-01-10 17:06:04.754213"},{"id":7,"url":"link3","date":"2022-01-10 17:31:41.513164"},{"id":8,"url":"link4","date":"2022-01-10 17:31:42.718337"}]
[2022-01-10T18:22:03+00:00][info] post
[2022-01-10T18:22:03+00:00][info] {"jsonrpc":"2.0","method":"admin.activity","params":[]}
[2022-01-10T18:22:03+00:00][info] 8
[2022-01-10T18:22:03+00:00][info] [{"id":1,"url":"link5","date":"2022-01-10 17:03:34.466008"},{"id":2,"url":"link5","date":"2022-01-10 17:03:36.429609"},{"id":3,"url":"link5","date":"2022-01-10 17:04:13.834634"},{"id":4,"url":"link4","date":"2022-01-10 17:06:02.122466"},{"id":5,"url":"link3","date":"2022-01-10 17:06:03.566525"},{"id":6,"url":"link2","date":"2022-01-10 17:06:04.754213"},{"id":7,"url":"link3","date":"2022-01-10 17:31:41.513164"},{"id":8,"url":"link4","date":"2022-01-10 17:31:42.718337"}]
[2022-01-10T18:22:03+00:00][info] [{"id":1,"url":"link5","date":"2022-01-10 17:03:34.466008"},{"id":2,"url":"link5","date":"2022-01-10 17:03:36.429609"},{"id":3,"url":"link5","date":"2022-01-10 17:04:13.834634"},{"id":4,"url":"link4","date":"2022-01-10 17:06:02.122466"},{"id":5,"url":"link3","date":"2022-01-10 17:06:03.566525"},{"id":6,"url":"link2","date":"2022-01-10 17:06:04.754213"},{"id":7,"url":"link3","date":"2022-01-10 17:31:41.513164"},{"id":8,"url":"link4","date":"2022-01-10 17:31:42.718337"}]
[2022-01-10T18:22:05+00:00][info] post
[2022-01-10T18:22:05+00:00][info] {"jsonrpc":"2.0","method":"admin.activity","params":[]}
[2022-01-10T18:22:05+00:00][info] 8
[2022-01-10T18:22:05+00:00][info] [{"id":1,"url":"link5","date":"2022-01-10 17:03:34.466008"},{"id":2,"url":"link5","date":"2022-01-10 17:03:36.429609"},{"id":3,"url":"link5","date":"2022-01-10 17:04:13.834634"},{"id":4,"url":"link4","date":"2022-01-10 17:06:02.122466"},{"id":5,"url":"link3","date":"2022-01-10 17:06:03.566525"},{"id":6,"url":"link2","date":"2022-01-10 17:06:04.754213"},{"id":7,"url":"link3","date":"2022-01-10 17:31:41.513164"},{"id":8,"url":"link4","date":"2022-01-10 17:31:42.718337"}]
[2022-01-10T18:22:05+00:00][info] [{"id":1,"url":"link5","date":"2022-01-10 17:03:34.466008"},{"id":2,"url":"link5","date":"2022-01-10 17:03:36.429609"},{"id":3,"url":"link5","date":"2022-01-10 17:04:13.834634"},{"id":4,"url":"link4","date":"2022-01-10 17:06:02.122466"},{"id":5,"url":"link3","date":"2022-01-10 17:06:03.566525"},{"id":6,"url":"link2","date":"2022-01-10 17:06:04.754213"},{"id":7,"url":"link3","date":"2022-01-10 17:31:41.513164"},{"id":8,"url":"link4","date":"2022-01-10 17:31:42.718337"}]
[2022-01-10T18:22:06+00:00][info] post
[2022-01-10T18:22:06+00:00][info] {"jsonrpc":"2.0","method":"admin.activity","params":[]}
[2022-01-10T18:22:06+00:00][info] 8
[2022-01-10T18:22:06+00:00][info] [{"id":1,"url":"link5","date":"2022-01-10 17:03:34.466008"},{"id":2,"url":"link5","date":"2022-01-10 17:03:36.429609"},{"id":3,"url":"link5","date":"2022-01-10 17:04:13.834634"},{"id":4,"url":"link4","date":"2022-01-10 17:06:02.122466"},{"id":5,"url":"link3","date":"2022-01-10 17:06:03.566525"},{"id":6,"url":"link2","date":"2022-01-10 17:06:04.754213"},{"id":7,"url":"link3","date":"2022-01-10 17:31:41.513164"},{"id":8,"url":"link4","date":"2022-01-10 17:31:42.718337"}]
[2022-01-10T18:22:06+00:00][info] [{"id":1,"url":"link5","date":"2022-01-10 17:03:34.466008"},{"id":2,"url":"link5","date":"2022-01-10 17:03:36.429609"},{"id":3,"url":"link5","date":"2022-01-10 17:04:13.834634"},{"id":4,"url":"link4","date":"2022-01-10 17:06:02.122466"},{"id":5,"url":"link3","date":"2022-01-10 17:06:03.566525"},{"id":6,"url":"link2","date":"2022-01-10 17:06:04.754213"},{"id":7,"url":"link3","date":"2022-01-10 17:31:41.513164"},{"id":8,"url":"link4","date":"2022-01-10 17:31:42.718337"}]
[2022-01-10T18:22:46+00:00][info] post
[2022-01-10T18:22:46+00:00][info] {"jsonrpc":"2.0","method":"admin.activity","params":[]}
[2022-01-10T18:22:46+00:00][info] 8
[2022-01-10T18:22:46+00:00][info] [{"id":1,"url":"link5","date":"2022-01-10 17:03:34.466008"},{"id":2,"url":"link5","date":"2022-01-10 17:03:36.429609"},{"id":3,"url":"link5","date":"2022-01-10 17:04:13.834634"},{"id":4,"url":"link4","date":"2022-01-10 17:06:02.122466"},{"id":5,"url":"link3","date":"2022-01-10 17:06:03.566525"},{"id":6,"url":"link2","date":"2022-01-10 17:06:04.754213"},{"id":7,"url":"link3","date":"2022-01-10 17:31:41.513164"},{"id":8,"url":"link4","date":"2022-01-10 17:31:42.718337"}]
[2022-01-10T18:22:46+00:00][info] [{"id":1,"url":"link5","date":"2022-01-10 17:03:34.466008"},{"id":2,"url":"link5","date":"2022-01-10 17:03:36.429609"},{"id":3,"url":"link5","date":"2022-01-10 17:04:13.834634"},{"id":4,"url":"link4","date":"2022-01-10 17:06:02.122466"},{"id":5,"url":"link3","date":"2022-01-10 17:06:03.566525"},{"id":6,"url":"link2","date":"2022-01-10 17:06:04.754213"},{"id":7,"url":"link3","date":"2022-01-10 17:31:41.513164"},{"id":8,"url":"link4","date":"2022-01-10 17:31:42.718337"}]
[2022-01-10T18:23:06+00:00][info] post
[2022-01-10T18:23:06+00:00][info] {"jsonrpc":"2.0","method":"admin.activity","params":[]}
[2022-01-10T18:23:06+00:00][info] 8
[2022-01-10T18:23:06+00:00][info] [{"id":1,"url":"link5","date":"2022-01-10 17:03:34.466008"},{"id":2,"url":"link5","date":"2022-01-10 17:03:36.429609"},{"id":3,"url":"link5","date":"2022-01-10 17:04:13.834634"},{"id":4,"url":"link4","date":"2022-01-10 17:06:02.122466"},{"id":5,"url":"link3","date":"2022-01-10 17:06:03.566525"},{"id":6,"url":"link2","date":"2022-01-10 17:06:04.754213"},{"id":7,"url":"link3","date":"2022-01-10 17:31:41.513164"},{"id":8,"url":"link4","date":"2022-01-10 17:31:42.718337"}]
[2022-01-10T18:23:06+00:00][info] {"0":{"id":1,"url":"link5","date":"2022-01-10 17:03:34.466008"},"1":{"id":2,"url":"link5","date":"2022-01-10 17:03:36.429609"},"2":{"id":3,"url":"link5","date":"2022-01-10 17:04:13.834634"},"3":{"id":4,"url":"link4","date":"2022-01-10 17:06:02.122466"},"4":{"id":5,"url":"link3","date":"2022-01-10 17:06:03.566525"},"5":{"id":6,"url":"link2","date":"2022-01-10 17:06:04.754213"},"6":{"id":7,"url":"link3","date":"2022-01-10 17:31:41.513164"},"7":{"id":8,"url":"link4","date":"2022-01-10 17:31:42.718337"}}
[2022-01-10T18:23:34+00:00][info] post
[2022-01-10T18:23:34+00:00][info] {"jsonrpc":"2.0","method":"admin.activity","params":[]}
[2022-01-10T18:23:34+00:00][info] 8
[2022-01-10T18:23:34+00:00][info] [{"id":1,"url":"link5","date":"2022-01-10 17:03:34.466008"},{"id":2,"url":"link5","date":"2022-01-10 17:03:36.429609"},{"id":3,"url":"link5","date":"2022-01-10 17:04:13.834634"},{"id":4,"url":"link4","date":"2022-01-10 17:06:02.122466"},{"id":5,"url":"link3","date":"2022-01-10 17:06:03.566525"},{"id":6,"url":"link2","date":"2022-01-10 17:06:04.754213"},{"id":7,"url":"link3","date":"2022-01-10 17:31:41.513164"},{"id":8,"url":"link4","date":"2022-01-10 17:31:42.718337"}]
[2022-01-10T18:23:34+00:00][info] {"0":{"id":1,"url":"link5","date":"2022-01-10 17:03:34.466008"},"1":{"id":2,"url":"link5","date":"2022-01-10 17:03:36.429609"},"2":{"id":3,"url":"link5","date":"2022-01-10 17:04:13.834634"},"3":{"id":4,"url":"link4","date":"2022-01-10 17:06:02.122466"},"4":{"id":5,"url":"link3","date":"2022-01-10 17:06:03.566525"},"5":{"id":6,"url":"link2","date":"2022-01-10 17:06:04.754213"},"6":{"id":7,"url":"link3","date":"2022-01-10 17:31:41.513164"},"7":{"id":8,"url":"link4","date":"2022-01-10 17:31:42.718337"}}
[2022-01-10T18:24:10+00:00][info] post
[2022-01-10T18:24:10+00:00][info] {"jsonrpc":"2.0","method":"admin.activity","params":[]}
[2022-01-10T18:24:10+00:00][info] 8
[2022-01-10T18:24:10+00:00][info] [{"id":1,"url":"link5","date":"2022-01-10 17:03:34.466008"},{"id":2,"url":"link5","date":"2022-01-10 17:03:36.429609"},{"id":3,"url":"link5","date":"2022-01-10 17:04:13.834634"},{"id":4,"url":"link4","date":"2022-01-10 17:06:02.122466"},{"id":5,"url":"link3","date":"2022-01-10 17:06:03.566525"},{"id":6,"url":"link2","date":"2022-01-10 17:06:04.754213"},{"id":7,"url":"link3","date":"2022-01-10 17:31:41.513164"},{"id":8,"url":"link4","date":"2022-01-10 17:31:42.718337"}]
[2022-01-10T18:24:10+00:00][info] {"0":{"id":1,"url":"link5","date":"2022-01-10 17:03:34.466008"},"1":{"id":2,"url":"link5","date":"2022-01-10 17:03:36.429609"},"2":{"id":3,"url":"link5","date":"2022-01-10 17:04:13.834634"},"3":{"id":4,"url":"link4","date":"2022-01-10 17:06:02.122466"},"4":{"id":5,"url":"link3","date":"2022-01-10 17:06:03.566525"},"5":{"id":6,"url":"link2","date":"2022-01-10 17:06:04.754213"},"6":{"id":7,"url":"link3","date":"2022-01-10 17:31:41.513164"},"7":{"id":8,"url":"link4","date":"2022-01-10 17:31:42.718337"}}
[2022-01-10T18:24:31+00:00][info] post
[2022-01-10T18:24:31+00:00][info] {"jsonrpc":"2.0","method":"admin.activity","params":[]}
[2022-01-10T18:24:31+00:00][info] 8
[2022-01-10T18:24:31+00:00][info] [{"id":1,"url":"link5","date":"2022-01-10 17:03:34.466008"},{"id":2,"url":"link5","date":"2022-01-10 17:03:36.429609"},{"id":3,"url":"link5","date":"2022-01-10 17:04:13.834634"},{"id":4,"url":"link4","date":"2022-01-10 17:06:02.122466"},{"id":5,"url":"link3","date":"2022-01-10 17:06:03.566525"},{"id":6,"url":"link2","date":"2022-01-10 17:06:04.754213"},{"id":7,"url":"link3","date":"2022-01-10 17:31:41.513164"},{"id":8,"url":"link4","date":"2022-01-10 17:31:42.718337"}]
[2022-01-10T18:24:31+00:00][info] {"rows":{"0":{"id":1,"url":"link5","date":"2022-01-10 17:03:34.466008"},"1":{"id":2,"url":"link5","date":"2022-01-10 17:03:36.429609"},"2":{"id":3,"url":"link5","date":"2022-01-10 17:04:13.834634"},"3":{"id":4,"url":"link4","date":"2022-01-10 17:06:02.122466"},"4":{"id":5,"url":"link3","date":"2022-01-10 17:06:03.566525"},"5":{"id":6,"url":"link2","date":"2022-01-10 17:06:04.754213"},"6":{"id":7,"url":"link3","date":"2022-01-10 17:31:41.513164"},"7":{"id":8,"url":"link4","date":"2022-01-10 17:31:42.718337"}},"count":8,"response":true}
[2022-01-10T18:25:26+00:00][info] post
[2022-01-10T18:25:26+00:00][info] {"jsonrpc":"2.0","method":"admin.activity","params":[]}
[2022-01-10T18:25:26+00:00][info] 8
[2022-01-10T18:25:26+00:00][info] [{"id":1,"url":"link5","date":"2022-01-10 17:03:34.466008"},{"id":2,"url":"link5","date":"2022-01-10 17:03:36.429609"},{"id":3,"url":"link5","date":"2022-01-10 17:04:13.834634"},{"id":4,"url":"link4","date":"2022-01-10 17:06:02.122466"},{"id":5,"url":"link3","date":"2022-01-10 17:06:03.566525"},{"id":6,"url":"link2","date":"2022-01-10 17:06:04.754213"},{"id":7,"url":"link3","date":"2022-01-10 17:31:41.513164"},{"id":8,"url":"link4","date":"2022-01-10 17:31:42.718337"}]
[2022-01-10T18:25:26+00:00][info] {"rows":{"0":{"id":1,"url":"link5","date":"2022-01-10 17:03:34.466008"},"1":{"id":2,"url":"link5","date":"2022-01-10 17:03:36.429609"},"2":{"id":3,"url":"link5","date":"2022-01-10 17:04:13.834634"},"3":{"id":4,"url":"link4","date":"2022-01-10 17:06:02.122466"},"4":{"id":5,"url":"link3","date":"2022-01-10 17:06:03.566525"},"5":{"id":6,"url":"link2","date":"2022-01-10 17:06:04.754213"},"6":{"id":7,"url":"link3","date":"2022-01-10 17:31:41.513164"},"7":{"id":8,"url":"link4","date":"2022-01-10 17:31:42.718337"}},"count":8,"response":true}
[2022-01-10T18:25:42+00:00][info] post
[2022-01-10T18:25:42+00:00][info] {"jsonrpc":"2.0","method":"admin.activity","params":[]}
[2022-01-10T18:25:42+00:00][info] 8
[2022-01-10T18:25:42+00:00][info] [{"id":1,"url":"link5","date":"2022-01-10 17:03:34.466008"},{"id":2,"url":"link5","date":"2022-01-10 17:03:36.429609"},{"id":3,"url":"link5","date":"2022-01-10 17:04:13.834634"},{"id":4,"url":"link4","date":"2022-01-10 17:06:02.122466"},{"id":5,"url":"link3","date":"2022-01-10 17:06:03.566525"},{"id":6,"url":"link2","date":"2022-01-10 17:06:04.754213"},{"id":7,"url":"link3","date":"2022-01-10 17:31:41.513164"},{"id":8,"url":"link4","date":"2022-01-10 17:31:42.718337"}]
[2022-01-10T18:25:42+00:00][info] {"rows":{"0":{"id":1,"url":"link5","date":"2022-01-10 17:03:34.466008"},"1":{"id":2,"url":"link5","date":"2022-01-10 17:03:36.429609"},"2":{"id":3,"url":"link5","date":"2022-01-10 17:04:13.834634"},"3":{"id":4,"url":"link4","date":"2022-01-10 17:06:02.122466"},"4":{"id":5,"url":"link3","date":"2022-01-10 17:06:03.566525"},"5":{"id":6,"url":"link2","date":"2022-01-10 17:06:04.754213"},"6":{"id":7,"url":"link3","date":"2022-01-10 17:31:41.513164"},"7":{"id":8,"url":"link4","date":"2022-01-10 17:31:42.718337"}},"count":8,"response":true}
[2022-01-10T18:36:29+00:00][info] post
[2022-01-10T18:36:29+00:00][info] {"jsonrpc":"2.0","method":"admin.activity","params":[]}
[2022-01-10T18:36:29+00:00][info] 8
[2022-01-10T18:36:29+00:00][info] [{"id":1,"url":"link5","date":"2022-01-10 17:03:34.466008"},{"id":2,"url":"link5","date":"2022-01-10 17:03:36.429609"},{"id":3,"url":"link5","date":"2022-01-10 17:04:13.834634"},{"id":4,"url":"link4","date":"2022-01-10 17:06:02.122466"},{"id":5,"url":"link3","date":"2022-01-10 17:06:03.566525"},{"id":6,"url":"link2","date":"2022-01-10 17:06:04.754213"},{"id":7,"url":"link3","date":"2022-01-10 17:31:41.513164"},{"id":8,"url":"link4","date":"2022-01-10 17:31:42.718337"}]
[2022-01-10T18:36:29+00:00][info] {"rows":{"0":{"id":1,"url":"link5","date":"2022-01-10 17:03:34.466008"},"1":{"id":2,"url":"link5","date":"2022-01-10 17:03:36.429609"},"2":{"id":3,"url":"link5","date":"2022-01-10 17:04:13.834634"},"3":{"id":4,"url":"link4","date":"2022-01-10 17:06:02.122466"},"4":{"id":5,"url":"link3","date":"2022-01-10 17:06:03.566525"},"5":{"id":6,"url":"link2","date":"2022-01-10 17:06:04.754213"},"6":{"id":7,"url":"link3","date":"2022-01-10 17:31:41.513164"},"7":{"id":8,"url":"link4","date":"2022-01-10 17:31:42.718337"}},"count":8,"response":true}
[2022-01-10T18:36:43+00:00][info] post
[2022-01-10T18:36:43+00:00][info] {"jsonrpc":"2.0","method":"admin.activity","params":[]}
[2022-01-10T18:36:43+00:00][info] 8
[2022-01-10T18:36:43+00:00][info] [{"id":1,"url":"link5","date":"2022-01-10 17:03:34.466008"},{"id":2,"url":"link5","date":"2022-01-10 17:03:36.429609"},{"id":3,"url":"link5","date":"2022-01-10 17:04:13.834634"},{"id":4,"url":"link4","date":"2022-01-10 17:06:02.122466"},{"id":5,"url":"link3","date":"2022-01-10 17:06:03.566525"},{"id":6,"url":"link2","date":"2022-01-10 17:06:04.754213"},{"id":7,"url":"link3","date":"2022-01-10 17:31:41.513164"},{"id":8,"url":"link4","date":"2022-01-10 17:31:42.718337"}]
[2022-01-10T18:36:43+00:00][info] {"rows":{"0":{"id":1,"url":"link5","date":"2022-01-10 17:03:34.466008"},"1":{"id":2,"url":"link5","date":"2022-01-10 17:03:36.429609"},"2":{"id":3,"url":"link5","date":"2022-01-10 17:04:13.834634"},"3":{"id":4,"url":"link4","date":"2022-01-10 17:06:02.122466"},"4":{"id":5,"url":"link3","date":"2022-01-10 17:06:03.566525"},"5":{"id":6,"url":"link2","date":"2022-01-10 17:06:04.754213"},"6":{"id":7,"url":"link3","date":"2022-01-10 17:31:41.513164"},"7":{"id":8,"url":"link4","date":"2022-01-10 17:31:42.718337"}},"count":8,"response":true}
[2022-01-10T18:38:03+00:00][info] post
[2022-01-10T18:38:03+00:00][info] {"jsonrpc":"2.0","method":"admin.activity","params":[]}
[2022-01-10T18:38:03+00:00][info] 8
[2022-01-10T18:38:03+00:00][info] [{"id":1,"url":"link5","date":"2022-01-10 17:03:34.466008"},{"id":2,"url":"link5","date":"2022-01-10 17:03:36.429609"},{"id":3,"url":"link5","date":"2022-01-10 17:04:13.834634"},{"id":4,"url":"link4","date":"2022-01-10 17:06:02.122466"},{"id":5,"url":"link3","date":"2022-01-10 17:06:03.566525"},{"id":6,"url":"link2","date":"2022-01-10 17:06:04.754213"},{"id":7,"url":"link3","date":"2022-01-10 17:31:41.513164"},{"id":8,"url":"link4","date":"2022-01-10 17:31:42.718337"}]
[2022-01-10T18:38:03+00:00][info] {"rows":{"0":{"id":1,"url":"link5","date":"2022-01-10 17:03:34.466008"},"1":{"id":2,"url":"link5","date":"2022-01-10 17:03:36.429609"},"2":{"id":3,"url":"link5","date":"2022-01-10 17:04:13.834634"},"3":{"id":4,"url":"link4","date":"2022-01-10 17:06:02.122466"},"4":{"id":5,"url":"link3","date":"2022-01-10 17:06:03.566525"},"5":{"id":6,"url":"link2","date":"2022-01-10 17:06:04.754213"},"6":{"id":7,"url":"link3","date":"2022-01-10 17:31:41.513164"},"7":{"id":8,"url":"link4","date":"2022-01-10 17:31:42.718337"}},"count":8,"response":true}
[2022-01-10T18:39:03+00:00][info] post
[2022-01-10T18:39:03+00:00][info] {"jsonrpc":"2.0","method":"admin.activity","params":[]}
[2022-01-10T18:39:04+00:00][info] 8
[2022-01-10T18:39:04+00:00][info] [{"id":1,"url":"link5","date":"2022-01-10 17:03:34.466008"},{"id":2,"url":"link5","date":"2022-01-10 17:03:36.429609"},{"id":3,"url":"link5","date":"2022-01-10 17:04:13.834634"},{"id":4,"url":"link4","date":"2022-01-10 17:06:02.122466"},{"id":5,"url":"link3","date":"2022-01-10 17:06:03.566525"},{"id":6,"url":"link2","date":"2022-01-10 17:06:04.754213"},{"id":7,"url":"link3","date":"2022-01-10 17:31:41.513164"},{"id":8,"url":"link4","date":"2022-01-10 17:31:42.718337"}]
[2022-01-10T18:39:04+00:00][info] {"rows":{"0":{"id":1,"url":"link5","date":"2022-01-10 17:03:34.466008"},"1":{"id":2,"url":"link5","date":"2022-01-10 17:03:36.429609"},"2":{"id":3,"url":"link5","date":"2022-01-10 17:04:13.834634"},"3":{"id":4,"url":"link4","date":"2022-01-10 17:06:02.122466"},"4":{"id":5,"url":"link3","date":"2022-01-10 17:06:03.566525"},"5":{"id":6,"url":"link2","date":"2022-01-10 17:06:04.754213"},"6":{"id":7,"url":"link3","date":"2022-01-10 17:31:41.513164"},"7":{"id":8,"url":"link4","date":"2022-01-10 17:31:42.718337"}},"count":8,"response":true}
[2022-01-10T18:41:47+00:00][info] post
[2022-01-10T18:41:47+00:00][info] {"jsonrpc":"2.0","method":"admin.activity","params":[]}
[2022-01-10T18:41:47+00:00][info] 8
[2022-01-10T18:41:47+00:00][info] [{"id":1,"url":"link5","date":"2022-01-10 17:03:34.466008"},{"id":2,"url":"link5","date":"2022-01-10 17:03:36.429609"},{"id":3,"url":"link5","date":"2022-01-10 17:04:13.834634"},{"id":4,"url":"link4","date":"2022-01-10 17:06:02.122466"},{"id":5,"url":"link3","date":"2022-01-10 17:06:03.566525"},{"id":6,"url":"link2","date":"2022-01-10 17:06:04.754213"},{"id":7,"url":"link3","date":"2022-01-10 17:31:41.513164"},{"id":8,"url":"link4","date":"2022-01-10 17:31:42.718337"}]
[2022-01-10T18:41:47+00:00][info] {"rows":{"0":{"id":1,"url":"link5","date":"2022-01-10 17:03:34.466008"},"1":{"id":2,"url":"link5","date":"2022-01-10 17:03:36.429609"},"2":{"id":3,"url":"link5","date":"2022-01-10 17:04:13.834634"},"3":{"id":4,"url":"link4","date":"2022-01-10 17:06:02.122466"},"4":{"id":5,"url":"link3","date":"2022-01-10 17:06:03.566525"},"5":{"id":6,"url":"link2","date":"2022-01-10 17:06:04.754213"},"6":{"id":7,"url":"link3","date":"2022-01-10 17:31:41.513164"},"7":{"id":8,"url":"link4","date":"2022-01-10 17:31:42.718337"}},"count":8,"response":true}
[2022-01-10T18:48:55+00:00][info] post
[2022-01-10T18:48:55+00:00][info] {"jsonrpc":"2.0","method":"admin.activity","params":[]}
[2022-01-10T18:48:55+00:00][info] 8
[2022-01-10T18:48:55+00:00][info] [{"id":1,"url":"link5","date":"2022-01-10 17:03:34.466008"},{"id":2,"url":"link5","date":"2022-01-10 17:03:36.429609"},{"id":3,"url":"link5","date":"2022-01-10 17:04:13.834634"},{"id":4,"url":"link4","date":"2022-01-10 17:06:02.122466"},{"id":5,"url":"link3","date":"2022-01-10 17:06:03.566525"},{"id":6,"url":"link2","date":"2022-01-10 17:06:04.754213"},{"id":7,"url":"link3","date":"2022-01-10 17:31:41.513164"},{"id":8,"url":"link4","date":"2022-01-10 17:31:42.718337"}]
[2022-01-10T18:48:55+00:00][info] {"rows":{"0":{"id":1,"url":"link5","date":"2022-01-10 17:03:34.466008"},"1":{"id":2,"url":"link5","date":"2022-01-10 17:03:36.429609"},"2":{"id":3,"url":"link5","date":"2022-01-10 17:04:13.834634"},"3":{"id":4,"url":"link4","date":"2022-01-10 17:06:02.122466"},"4":{"id":5,"url":"link3","date":"2022-01-10 17:06:03.566525"},"5":{"id":6,"url":"link2","date":"2022-01-10 17:06:04.754213"},"6":{"id":7,"url":"link3","date":"2022-01-10 17:31:41.513164"},"7":{"id":8,"url":"link4","date":"2022-01-10 17:31:42.718337"}},"count":8,"response":true}
[2022-01-10T18:49:06+00:00][info] post
[2022-01-10T18:49:06+00:00][info] {"jsonrpc":"2.0","method":"admin.activity","params":[]}
[2022-01-10T18:49:06+00:00][info] 8
[2022-01-10T18:49:06+00:00][info] [{"id":1,"url":"link5","date":"2022-01-10 17:03:34.466008"},{"id":2,"url":"link5","date":"2022-01-10 17:03:36.429609"},{"id":3,"url":"link5","date":"2022-01-10 17:04:13.834634"},{"id":4,"url":"link4","date":"2022-01-10 17:06:02.122466"},{"id":5,"url":"link3","date":"2022-01-10 17:06:03.566525"},{"id":6,"url":"link2","date":"2022-01-10 17:06:04.754213"},{"id":7,"url":"link3","date":"2022-01-10 17:31:41.513164"},{"id":8,"url":"link4","date":"2022-01-10 17:31:42.718337"}]
[2022-01-10T18:49:06+00:00][info] {"rows":{"0":{"id":1,"url":"link5","date":"2022-01-10 17:03:34.466008"},"1":{"id":2,"url":"link5","date":"2022-01-10 17:03:36.429609"},"2":{"id":3,"url":"link5","date":"2022-01-10 17:04:13.834634"},"3":{"id":4,"url":"link4","date":"2022-01-10 17:06:02.122466"},"4":{"id":5,"url":"link3","date":"2022-01-10 17:06:03.566525"},"5":{"id":6,"url":"link2","date":"2022-01-10 17:06:04.754213"},"6":{"id":7,"url":"link3","date":"2022-01-10 17:31:41.513164"},"7":{"id":8,"url":"link4","date":"2022-01-10 17:31:42.718337"}},"count":8,"response":true}
[2022-01-10T18:49:52+00:00][info] post
[2022-01-10T18:49:52+00:00][info] {"jsonrpc":"2.0","method":"admin.activity","params":[]}
[2022-01-10T18:49:52+00:00][info] 8
[2022-01-10T18:49:52+00:00][info] [{"id":1,"url":"link5","date":"2022-01-10 17:03:34.466008"},{"id":2,"url":"link5","date":"2022-01-10 17:03:36.429609"},{"id":3,"url":"link5","date":"2022-01-10 17:04:13.834634"},{"id":4,"url":"link4","date":"2022-01-10 17:06:02.122466"},{"id":5,"url":"link3","date":"2022-01-10 17:06:03.566525"},{"id":6,"url":"link2","date":"2022-01-10 17:06:04.754213"},{"id":7,"url":"link3","date":"2022-01-10 17:31:41.513164"},{"id":8,"url":"link4","date":"2022-01-10 17:31:42.718337"}]
[2022-01-10T18:49:52+00:00][info] {"rows":{"0":{"id":1,"url":"link5","date":"2022-01-10 17:03:34.466008"},"1":{"id":2,"url":"link5","date":"2022-01-10 17:03:36.429609"},"2":{"id":3,"url":"link5","date":"2022-01-10 17:04:13.834634"},"3":{"id":4,"url":"link4","date":"2022-01-10 17:06:02.122466"},"4":{"id":5,"url":"link3","date":"2022-01-10 17:06:03.566525"},"5":{"id":6,"url":"link2","date":"2022-01-10 17:06:04.754213"},"6":{"id":7,"url":"link3","date":"2022-01-10 17:31:41.513164"},"7":{"id":8,"url":"link4","date":"2022-01-10 17:31:42.718337"}},"count":8,"response":true}
[2022-01-10T18:49:54+00:00][info] post
[2022-01-10T18:49:54+00:00][info] {"jsonrpc":"2.0","method":"url.followLinks","params":{"url":"link"}}
[2022-01-10T18:49:54+00:00][info] link
[2022-01-10T18:49:54+00:00][info] 1
